<?xml version="1.0" encoding="UTF-8"?>
<testsuite xmlns:xsi="http://www.w3.org/2001/XMLSchema-instance" xsi:noNamespaceSchemaLocation="https://maven.apache.org/surefire/maven-surefire-plugin/xsd/surefire-test-report.xsd" name="PrzyciskiTest" time="18.471" tests="13" errors="0" skipped="0" failures="0">
  <properties>
[...]
</properties>
  <testcase name="shouldContainZeroAfterClickingResetButtonWithInsertedValue" classname="PrzyciskiTest" time="3.08"/>
  <testcase name="shouldContainFourAfterClickingFiveButtons" classname="PrzyciskiTest" time="1.768"/>
  <testcase name="shouldContainZeroAfterClickingResetButtonWithInsertedString" classname="PrzyciskiTest" time="2.407"/>
  <testcase name="shouldContain1AfterClickingInB4Button" classname="PrzyciskiTest" time="0.784"/>
  <testcase name="shouldContainThreeAfterClickingFourButtons" classname="PrzyciskiTest" time="1.516"/>
  <testcase name="shouldContainZeroAfterClickingResetButton" classname="PrzyciskiTest" time="1"/>
  <testcase name="shouldContain1AfterClickingInB1Button" classname="PrzyciskiTest" time="0.784"/>
  <testcase name="shouldContain10AfterClicking10TimesOneButton" classname="PrzyciskiTest" time="3.004"/>
  <testcase name="shouldContain1AfterClickingInB2Button" classname="PrzyciskiTest" time="0.779"/>
  <testcase name="shouldContainZeroAfterClickingResetButtonWithEmptyTextBox" classname="PrzyciskiTest" time="0.772"/>
  <testcase name="shouldHaveTitleName" classname="PrzyciskiTest" time="0.541"/>
  <testcase name="shouldContain1AfterClickingInB3Button" classname="PrzyciskiTest" time="0.768"/>
  <testcase name="shouldContainThreeAfterClickingThreeButtons" classname="PrzyciskiTest" time="1.257"/>
</testsuite>